<?xml version="1.0" encoding="UTF-8"?>
<!-- Generated by org.testng.reporters.JUnitXMLReporter -->
<testsuite ignored="0" hostname="LAPTOP-KMLSJNFK" failures="1" tests="1" name="Test" time="0.42" errors="0" timestamp="2021-01-30T13:01:05 EST">
  <testcase classname="cucumber.api.testng.AbstractTestNGCucumberTests" name="feature" time="0.168">
    <failure type="cucumber.runtime.CucumberException" message="java.lang.AssertionError: expected [2] but found [1]">
      <![CDATA[cucumber.runtime.CucumberException: java.lang.AssertionError: expected [2] but found [1]
at cucumber.api.testng.TestNGCucumberRunner.runCucumber(TestNGCucumberRunner.java:69)
at cucumber.api.testng.AbstractTestNGCucumberTests.feature(AbstractTestNGCucumberTests.java:21)
at java.base/java.util.ArrayList.forEach(ArrayList.java:1511)
Caused by: java.lang.AssertionError: expected [2] but found [1]
at com.osa.steps.Mains.i_complete_action(Mains.java:18)
at âœ½.When I complete action(main.feature:7)
... Removed 32 stack frames]]>
    </failure>
  </testcase> <!-- feature -->
</testsuite> <!-- Test -->
